b07-group15-Project-version2.0 2/app/build/intermediates/manifest_merge_blame_file/debug/manifest-merger-blame-debug-report.txt
1<?xml version="1.0" encoding="utf-8"?>
2<manifest xmlns:android="http://schemas.android.com/apk/res/android"
3    package="com.example.b07project"
4    android:versionCode="1"
5    android:versionName="1.0" >
6
7    <uses-sdk
8        android:minSdkVersion="24"
9        android:targetSdkVersion="34" />
10
11    <uses-permission android:name="android.permission.INTERNET" />
11-->src/main/AndroidManifest.xml:5:5-67
11-->src/main/AndroidManifest.xml:5:22-64
12
13    <!-- Although the *SdkVersion is captured in gradle build files, this is required for non gradle builds -->
14    <!-- <uses-sdk android:minSdkVersion="14"/> -->
15    <uses-permission android:name="android.permission.ACCESS_NETWORK_STATE" />
15-->[com.google.firebase:firebase-database:20.3.0] AndroidManifest.xml:22:5-79
15-->[com.google.firebase:firebase-database:20.3.0] AndroidManifest.xml:22:22-76
16
17    <permission
17-->[androidx.core:core:1.9.0] AndroidManifest.xml:22:5-24:47
18        android:name="com.example.b07project.DYNAMIC_RECEIVER_NOT_EXPORTED_PERMISSION"
18-->[androidx.core:core:1.9.0] AndroidManifest.xml:23:9-81
19        android:protectionLevel="signature" />
19-->[androidx.core:core:1.9.0] AndroidManifest.xml:24:9-44
20
21    <uses-permission android:name="com.example.b07project.DYNAMIC_RECEIVER_NOT_EXPORTED_PERMISSION" />
21-->[androidx.core:core:1.9.0] AndroidManifest.xml:26:5-97
21-->[androidx.core:core:1.9.0] AndroidManifest.xml:26:22-94
22
23    <application
23-->src/main/AndroidManifest.xml:7:5-157:19
24        android:allowBackup="true"
24-->src/main/AndroidManifest.xml:8:9-35
25        android:appComponentFactory="androidx.core.app.CoreComponentFactory"
25-->[androidx.core:core:1.9.0] AndroidManifest.xml:28:18-86
26        android:dataExtractionRules="@xml/data_extraction_rules"
26-->src/main/AndroidManifest.xml:9:9-65
27        android:debuggable="true"
28        android:extractNativeLibs="false"
29        android:fullBackupContent="@xml/backup_rules"
29-->src/main/AndroidManifest.xml:10:9-54
30        android:icon="@mipmap/ic_launcher"
30-->src/main/AndroidManifest.xml:11:9-43
31        android:label="@string/app_name"
31-->src/main/AndroidManifest.xml:12:9-41
32        android:roundIcon="@mipmap/ic_launcher_round"
32-->src/main/AndroidManifest.xml:13:9-54
33        android:supportsRtl="true"
33-->src/main/AndroidManifest.xml:14:9-35
34        android:theme="@style/Theme.B07project" >
34-->src/main/AndroidManifest.xml:15:9-48
35
36        <!-- dashboard -->
37        <activity
37-->src/main/AndroidManifest.xml:18:9-20:40
38            android:name="com.example.b07project.Dashboard.Admin_dashboardActivity"
38-->src/main/AndroidManifest.xml:19:13-62
39            android:exported="false" />
39-->src/main/AndroidManifest.xml:20:13-37
40        <activity
40-->src/main/AndroidManifest.xml:21:9-23:40
41            android:name="com.example.b07project.Dashboard.Student_dashboardActivity"
41-->src/main/AndroidManifest.xml:22:13-64
42            android:exported="false" />
42-->src/main/AndroidManifest.xml:23:13-37
43        <!--
44        origin login and signup
45        <activity
46            android:name=".origin_login_and_signup.Student_Starter.AdminRegisterActivity"
47            android:exported="false" />
48        <activity
49            android:name=".origin_login_and_signup.Student_Starter.AdminLoginActivity"
50            android:exported="false" />
51
52        <activity
53            android:name=".origin_login_and_signup.Student_Starter.StudentRegisterActivity"
54            android:exported="false" />
55        -->
56        <!-- login ans signup MVP -->
57        <activity
57-->src/main/AndroidManifest.xml:37:9-45:20
58            android:name="com.example.b07project.Student_Login_MVP.StudentLoginView"
58-->src/main/AndroidManifest.xml:38:13-63
59            android:exported="true" >
59-->src/main/AndroidManifest.xml:39:13-36
60            <intent-filter>
60-->src/main/AndroidManifest.xml:40:13-44:29
61                <action android:name="android.intent.action.MAIN" />
61-->src/main/AndroidManifest.xml:41:17-69
61-->src/main/AndroidManifest.xml:41:25-66
62
63                <category android:name="android.intent.category.LAUNCHER" />
63-->src/main/AndroidManifest.xml:43:17-77
63-->src/main/AndroidManifest.xml:43:27-74
64            </intent-filter>
65        </activity>
66        <activity
66-->src/main/AndroidManifest.xml:46:9-48:39
67            android:name="com.example.b07project.Student_Register_MVP.StudentRegisterView"
67-->src/main/AndroidManifest.xml:47:13-69
68            android:exported="false" />
68-->src/main/AndroidManifest.xml:48:13-37
69        <activity
69-->src/main/AndroidManifest.xml:49:9-50:39
70            android:name="com.example.b07project.Admin_Login_MVP.AdminLoginView"
70-->src/main/AndroidManifest.xml:49:19-65
71            android:exported="false" />
71-->src/main/AndroidManifest.xml:50:13-37
72        <activity
72-->src/main/AndroidManifest.xml:51:9-52:39
73            android:name="com.example.b07project.Admin_Register_MVP.AdminRegisterView"
73-->src/main/AndroidManifest.xml:51:19-71
74            android:exported="false" />
74-->src/main/AndroidManifest.xml:52:13-37
75        <!-- post checker -->
76        <activity
76-->src/main/AndroidManifest.xml:54:9-56:40
77            android:name="com.example.b07project.Student_POSt_checker.statMajor"
77-->src/main/AndroidManifest.xml:55:13-59
78            android:exported="false" />
78-->src/main/AndroidManifest.xml:56:13-37
79        <activity
79-->src/main/AndroidManifest.xml:57:9-59:40
80            android:name="com.example.b07project.Student_POSt_checker.statSpecial"
80-->src/main/AndroidManifest.xml:58:13-61
81            android:exported="false" />
81-->src/main/AndroidManifest.xml:59:13-37
82        <activity
82-->src/main/AndroidManifest.xml:60:9-62:40
83            android:name="com.example.b07project.Student_POSt_checker.statML2"
83-->src/main/AndroidManifest.xml:61:13-57
84            android:exported="false" />
84-->src/main/AndroidManifest.xml:62:13-37
85        <activity
85-->src/main/AndroidManifest.xml:63:9-65:40
86            android:name="com.example.b07project.Student_POSt_checker.statML"
86-->src/main/AndroidManifest.xml:64:13-56
87            android:exported="false" />
87-->src/main/AndroidManifest.xml:65:13-37
88        <activity
88-->src/main/AndroidManifest.xml:66:9-68:40
89            android:name="com.example.b07project.Student_POSt_checker.stat"
89-->src/main/AndroidManifest.xml:67:13-54
90            android:exported="false" />
90-->src/main/AndroidManifest.xml:68:13-37
91        <activity
91-->src/main/AndroidManifest.xml:69:9-71:40
92            android:name="com.example.b07project.Student_POSt_checker.mathSpecial2"
92-->src/main/AndroidManifest.xml:70:13-62
93            android:exported="false" />
93-->src/main/AndroidManifest.xml:71:13-37
94        <activity
94-->src/main/AndroidManifest.xml:72:9-74:40
95            android:name="com.example.b07project.Student_POSt_checker.mathMajor2"
95-->src/main/AndroidManifest.xml:73:13-60
96            android:exported="false" />
96-->src/main/AndroidManifest.xml:74:13-37
97        <activity
97-->src/main/AndroidManifest.xml:75:9-77:40
98            android:name="com.example.b07project.Student_POSt_checker.mathSpecial"
98-->src/main/AndroidManifest.xml:76:13-61
99            android:exported="false" />
99-->src/main/AndroidManifest.xml:77:13-37
100        <activity
100-->src/main/AndroidManifest.xml:78:9-80:40
101            android:name="com.example.b07project.Student_POSt_checker.mathMajor"
101-->src/main/AndroidManifest.xml:79:13-59
102            android:exported="false" />
102-->src/main/AndroidManifest.xml:80:13-37
103        <activity
103-->src/main/AndroidManifest.xml:81:9-83:40
104            android:name="com.example.b07project.Student_POSt_checker.math"
104-->src/main/AndroidManifest.xml:82:13-54
105            android:exported="false" />
105-->src/main/AndroidManifest.xml:83:13-37
106        <activity
106-->src/main/AndroidManifest.xml:84:9-86:40
107            android:name="com.example.b07project.Student_POSt_checker.csMinor"
107-->src/main/AndroidManifest.xml:85:13-57
108            android:exported="false" />
108-->src/main/AndroidManifest.xml:86:13-37
109        <activity
109-->src/main/AndroidManifest.xml:87:9-89:40
110            android:name="com.example.b07project.Student_POSt_checker.csMajor2"
110-->src/main/AndroidManifest.xml:88:13-58
111            android:exported="false" />
111-->src/main/AndroidManifest.xml:89:13-37
112        <activity
112-->src/main/AndroidManifest.xml:90:9-92:40
113            android:name="com.example.b07project.Student_POSt_checker.csMajor"
113-->src/main/AndroidManifest.xml:91:13-57
114            android:exported="false" />
114-->src/main/AndroidManifest.xml:92:13-37
115        <activity
115-->src/main/AndroidManifest.xml:93:9-95:40
116            android:name="com.example.b07project.Student_POSt_checker.csActivity"
116-->src/main/AndroidManifest.xml:94:13-60
117            android:exported="false" />
117-->src/main/AndroidManifest.xml:95:13-37
118        <activity
118-->src/main/AndroidManifest.xml:96:9-98:40
119            android:name="com.example.b07project.Student_POSt_checker.CMSpostMain"
119-->src/main/AndroidManifest.xml:97:13-61
120            android:exported="false" />
120-->src/main/AndroidManifest.xml:98:13-37
121        <!-- complaint -->
122        <activity
122-->src/main/AndroidManifest.xml:100:9-102:40
123            android:name="com.example.b07project.Student_Complaints.StudentComplaint"
123-->src/main/AndroidManifest.xml:101:13-64
124            android:exported="false" />
124-->src/main/AndroidManifest.xml:102:13-37
125        <activity
125-->src/main/AndroidManifest.xml:103:9-105:40
126            android:name="com.example.b07project.Admin_Complaints.DetailedItemActivity"
126-->src/main/AndroidManifest.xml:104:13-66
127            android:exported="false" />
127-->src/main/AndroidManifest.xml:105:13-37
128        <activity
128-->src/main/AndroidManifest.xml:106:9-108:39
129            android:name="com.example.b07project.Admin_Complaints.ComplaintAdminActivity"
129-->src/main/AndroidManifest.xml:107:13-68
130            android:exported="false" />
130-->src/main/AndroidManifest.xml:108:13-37
131        <!-- admin event -->
132        <activity
132-->src/main/AndroidManifest.xml:110:9-111:39
133            android:name="com.example.b07project.Admin_Event_Management.DetailedUpcomingEventActivity"
133-->src/main/AndroidManifest.xml:110:19-87
134            android:exported="false" />
134-->src/main/AndroidManifest.xml:111:13-37
135        <activity
135-->src/main/AndroidManifest.xml:112:9-113:39
136            android:name="com.example.b07project.Admin_Event_Management.EditEventActivity"
136-->src/main/AndroidManifest.xml:112:19-75
137            android:exported="false" />
137-->src/main/AndroidManifest.xml:113:13-37
138        <activity
138-->src/main/AndroidManifest.xml:114:9-116:40
139            android:name="com.example.b07project.Admin_New_Event.EventAdminActivity"
139-->src/main/AndroidManifest.xml:115:13-63
140            android:exported="false" />
140-->src/main/AndroidManifest.xml:116:13-37
141        <activity
141-->src/main/AndroidManifest.xml:117:9-119:40
142            android:name="com.example.b07project.Admin_Event_Management.DetailedFeedbackActivity"
142-->src/main/AndroidManifest.xml:118:13-76
143            android:exported="false" />
143-->src/main/AndroidManifest.xml:119:13-37
144        <activity
144-->src/main/AndroidManifest.xml:120:9-122:40
145            android:name="com.example.b07project.Admin_Event_Management.FeedbackList"
145-->src/main/AndroidManifest.xml:121:13-64
146            android:exported="false" />
146-->src/main/AndroidManifest.xml:122:13-37
147        <activity
147-->src/main/AndroidManifest.xml:123:9-125:40
148            android:name="com.example.b07project.Admin_Event_Management.FeedbackAdmin"
148-->src/main/AndroidManifest.xml:124:13-65
149            android:exported="false" />
149-->src/main/AndroidManifest.xml:125:13-37
150        <activity
150-->src/main/AndroidManifest.xml:126:9-128:40
151            android:name="com.example.b07project.Admin_Event_Management.DetailedEventHistory"
151-->src/main/AndroidManifest.xml:127:13-72
152            android:exported="false" />
152-->src/main/AndroidManifest.xml:128:13-37
153        <activity
153-->src/main/AndroidManifest.xml:129:9-131:40
154            android:name="com.example.b07project.Admin_Event_Management.EventHistoryActivity"
154-->src/main/AndroidManifest.xml:130:13-72
155            android:exported="false" />
155-->src/main/AndroidManifest.xml:131:13-37
156        <!-- student event -->
157        <activity
157-->src/main/AndroidManifest.xml:133:9-135:39
158            android:name="com.example.b07project.Student_Event.StudentUpcomingEventActivity"
158-->src/main/AndroidManifest.xml:134:13-71
159            android:exported="false" />
159-->src/main/AndroidManifest.xml:135:13-37
160        <activity
160-->src/main/AndroidManifest.xml:136:9-137:39
161            android:name="com.example.b07project.Student_Event.DetailedUpcomingEventActivity"
161-->src/main/AndroidManifest.xml:136:19-78
162            android:exported="false" />
162-->src/main/AndroidManifest.xml:137:13-37
163        <activity
163-->src/main/AndroidManifest.xml:138:9-139:39
164            android:name="com.example.b07project.Student_Event.StudentScheduledEventActivity"
164-->src/main/AndroidManifest.xml:138:19-78
165            android:exported="false" />
165-->src/main/AndroidManifest.xml:139:13-37
166        <activity
166-->src/main/AndroidManifest.xml:140:9-141:39
167            android:name="com.example.b07project.Student_Event.DetailedScheduledEventActivity"
167-->src/main/AndroidManifest.xml:140:19-79
168            android:exported="false" />
168-->src/main/AndroidManifest.xml:141:13-37
169        <!-- student feedback -->
170        <activity
170-->src/main/AndroidManifest.xml:143:9-144:39
171            android:name="com.example.b07project.Student_Event.Feedback_StudentActivity"
171-->src/main/AndroidManifest.xml:143:19-73
172            android:exported="false" />
172-->src/main/AndroidManifest.xml:144:13-37
173        <!-- admin announcement -->
174        <activity
174-->src/main/AndroidManifest.xml:146:9-147:39
175            android:name="com.example.b07project.Admin_Announcement.Admin_AnnouncementPostingActivity"
175-->src/main/AndroidManifest.xml:146:19-87
176            android:exported="false" />
176-->src/main/AndroidManifest.xml:147:13-37
177        <activity
177-->src/main/AndroidManifest.xml:148:9-149:39
178            android:name="com.example.b07project.Admin_Announcement.AdminPostAnnouncement"
178-->src/main/AndroidManifest.xml:148:19-75
179            android:exported="false" />
179-->src/main/AndroidManifest.xml:149:13-37
180        <activity
180-->src/main/AndroidManifest.xml:150:9-151:39
181            android:name="com.example.b07project.Admin_Announcement.MainActivity"
181-->src/main/AndroidManifest.xml:150:19-66
182            android:exported="false" />
182-->src/main/AndroidManifest.xml:151:13-37
183        <!-- student announcement view -->
184        <activity
184-->src/main/AndroidManifest.xml:153:9-154:39
185            android:name="com.example.b07project.Student_Announcement.AnnouncementActivity"
185-->src/main/AndroidManifest.xml:153:19-76
186            android:exported="false" />
186-->src/main/AndroidManifest.xml:154:13-37
187        <activity
187-->src/main/AndroidManifest.xml:155:9-156:39
188            android:name="com.example.b07project.Student_Announcement.DetailedAnnouncementItemActivity"
188-->src/main/AndroidManifest.xml:155:19-88
189            android:exported="false" />
189-->src/main/AndroidManifest.xml:156:13-37
190        <activity
190-->[androidx.compose.ui:ui-tooling:1.4.0] AndroidManifest.xml:23:9-25:39
191            android:name="androidx.compose.ui.tooling.PreviewActivity"
191-->[androidx.compose.ui:ui-tooling:1.4.0] AndroidManifest.xml:24:13-71
192            android:exported="true" />
192-->[androidx.compose.ui:ui-tooling:1.4.0] AndroidManifest.xml:25:13-36
193        <activity
193-->[androidx.compose.ui:ui-test-manifest:1.4.0] AndroidManifest.xml:23:9-25:39
194            android:name="androidx.activity.ComponentActivity"
194-->[androidx.compose.ui:ui-test-manifest:1.4.0] AndroidManifest.xml:24:13-63
195            android:exported="true" />
195-->[androidx.compose.ui:ui-test-manifest:1.4.0] AndroidManifest.xml:25:13-36
196
197        <service
197-->[com.google.firebase:firebase-database:20.3.0] AndroidManifest.xml:26:9-35:19
198            android:name="com.google.firebase.components.ComponentDiscoveryService"
198-->[com.google.firebase:firebase-database:20.3.0] AndroidManifest.xml:27:13-84
199            android:directBootAware="true"
199-->[com.google.firebase:firebase-common:20.4.2] AndroidManifest.xml:32:13-43
200            android:exported="false" >
200-->[com.google.firebase:firebase-database:20.3.0] AndroidManifest.xml:28:13-37
201            <meta-data
201-->[com.google.firebase:firebase-database:20.3.0] AndroidManifest.xml:29:13-31:85
202                android:name="com.google.firebase.components:com.google.firebase.database.FirebaseDatabaseKtxRegistrar"
202-->[com.google.firebase:firebase-database:20.3.0] AndroidManifest.xml:30:17-120
203                android:value="com.google.firebase.components.ComponentRegistrar" />
203-->[com.google.firebase:firebase-database:20.3.0] AndroidManifest.xml:31:17-82
204            <meta-data
204-->[com.google.firebase:firebase-database:20.3.0] AndroidManifest.xml:32:13-34:85
205                android:name="com.google.firebase.components:com.google.firebase.database.DatabaseRegistrar"
205-->[com.google.firebase:firebase-database:20.3.0] AndroidManifest.xml:33:17-109
206                android:value="com.google.firebase.components.ComponentRegistrar" />
206-->[com.google.firebase:firebase-database:20.3.0] AndroidManifest.xml:34:17-82
207            <meta-data
207-->[com.google.firebase:firebase-common-ktx:20.4.2] AndroidManifest.xml:12:13-14:85
208                android:name="com.google.firebase.components:com.google.firebase.ktx.FirebaseCommonLegacyRegistrar"
208-->[com.google.firebase:firebase-common-ktx:20.4.2] AndroidManifest.xml:13:17-116
209                android:value="com.google.firebase.components.ComponentRegistrar" />
209-->[com.google.firebase:firebase-common-ktx:20.4.2] AndroidManifest.xml:14:17-82
210            <meta-data
210-->[com.google.firebase:firebase-common:20.4.2] AndroidManifest.xml:35:13-37:85
211                android:name="com.google.firebase.components:com.google.firebase.FirebaseCommonKtxRegistrar"
211-->[com.google.firebase:firebase-common:20.4.2] AndroidManifest.xml:36:17-109
212                android:value="com.google.firebase.components.ComponentRegistrar" />
212-->[com.google.firebase:firebase-common:20.4.2] AndroidManifest.xml:37:17-82
213        </service>
214
215        <activity
215-->[com.google.android.gms:play-services-base:18.1.0] AndroidManifest.xml:20:9-22:45
216            android:name="com.google.android.gms.common.api.GoogleApiActivity"
216-->[com.google.android.gms:play-services-base:18.1.0] AndroidManifest.xml:20:19-85
217            android:exported="false"
217-->[com.google.android.gms:play-services-base:18.1.0] AndroidManifest.xml:22:19-43
218            android:theme="@android:style/Theme.Translucent.NoTitleBar" />
218-->[com.google.android.gms:play-services-base:18.1.0] AndroidManifest.xml:21:19-78
219
220        <provider
220-->[com.google.firebase:firebase-common:20.4.2] AndroidManifest.xml:23:9-28:39
221            android:name="com.google.firebase.provider.FirebaseInitProvider"
221-->[com.google.firebase:firebase-common:20.4.2] AndroidManifest.xml:24:13-77
222            android:authorities="com.example.b07project.firebaseinitprovider"
222-->[com.google.firebase:firebase-common:20.4.2] AndroidManifest.xml:25:13-72
223            android:directBootAware="true"
223-->[com.google.firebase:firebase-common:20.4.2] AndroidManifest.xml:26:13-43
224            android:exported="false"
224-->[com.google.firebase:firebase-common:20.4.2] AndroidManifest.xml:27:13-37
225            android:initOrder="100" />
225-->[com.google.firebase:firebase-common:20.4.2] AndroidManifest.xml:28:13-36
226
227        <meta-data
227-->[com.google.android.gms:play-services-basement:18.1.0] AndroidManifest.xml:21:9-23:69
228            android:name="com.google.android.gms.version"
228-->[com.google.android.gms:play-services-basement:18.1.0] AndroidManifest.xml:22:13-58
229            android:value="@integer/google_play_services_version" />
229-->[com.google.android.gms:play-services-basement:18.1.0] AndroidManifest.xml:23:13-66
230
231        <provider
231-->[androidx.emoji2:emoji2:1.3.0] AndroidManifest.xml:24:9-32:20
232            android:name="androidx.startup.InitializationProvider"
232-->[androidx.emoji2:emoji2:1.3.0] AndroidManifest.xml:25:13-67
233            android:authorities="com.example.b07project.androidx-startup"
233-->[androidx.emoji2:emoji2:1.3.0] AndroidManifest.xml:26:13-68
234            android:exported="false" >
234-->[androidx.emoji2:emoji2:1.3.0] AndroidManifest.xml:27:13-37
235            <meta-data
235-->[androidx.emoji2:emoji2:1.3.0] AndroidManifest.xml:29:13-31:52
236                android:name="androidx.emoji2.text.EmojiCompatInitializer"
236-->[androidx.emoji2:emoji2:1.3.0] AndroidManifest.xml:30:17-75
237                android:value="androidx.startup" />
237-->[androidx.emoji2:emoji2:1.3.0] AndroidManifest.xml:31:17-49
238            <meta-data
238-->[androidx.lifecycle:lifecycle-process:2.6.1] AndroidManifest.xml:29:13-31:52
239                android:name="androidx.lifecycle.ProcessLifecycleInitializer"
239-->[androidx.lifecycle:lifecycle-process:2.6.1] AndroidManifest.xml:30:17-78
240                android:value="androidx.startup" />
240-->[androidx.lifecycle:lifecycle-process:2.6.1] AndroidManifest.xml:31:17-49
241            <meta-data
241-->[androidx.profileinstaller:profileinstaller:1.3.0] AndroidManifest.xml:29:13-31:52
242                android:name="androidx.profileinstaller.ProfileInstallerInitializer"
242-->[androidx.profileinstaller:profileinstaller:1.3.0] AndroidManifest.xml:30:17-85
243                android:value="androidx.startup" />
243-->[androidx.profileinstaller:profileinstaller:1.3.0] AndroidManifest.xml:31:17-49
244        </provider>
245
246        <uses-library
246-->[androidx.window:window:1.0.0] AndroidManifest.xml:25:9-27:40
247            android:name="androidx.window.extensions"
247-->[androidx.window:window:1.0.0] AndroidManifest.xml:26:13-54
248            android:required="false" />
248-->[androidx.window:window:1.0.0] AndroidManifest.xml:27:13-37
249        <uses-library
249-->[androidx.window:window:1.0.0] AndroidManifest.xml:28:9-30:40
250            android:name="androidx.window.sidecar"
250-->[androidx.window:window:1.0.0] AndroidManifest.xml:29:13-51
251            android:required="false" />
251-->[androidx.window:window:1.0.0] AndroidManifest.xml:30:13-37
252
253        <receiver
253-->[androidx.profileinstaller:profileinstaller:1.3.0] AndroidManifest.xml:34:9-52:20
254            android:name="androidx.profileinstaller.ProfileInstallReceiver"
254-->[androidx.profileinstaller:profileinstaller:1.3.0] AndroidManifest.xml:35:13-76
255            android:directBootAware="false"
255-->[androidx.profileinstaller:profileinstaller:1.3.0] AndroidManifest.xml:36:13-44
256            android:enabled="true"
256-->[androidx.profileinstaller:profileinstaller:1.3.0] AndroidManifest.xml:37:13-35
257            android:exported="true"
257-->[androidx.profileinstaller:profileinstaller:1.3.0] AndroidManifest.xml:38:13-36
258            android:permission="android.permission.DUMP" >
258-->[androidx.profileinstaller:profileinstaller:1.3.0] AndroidManifest.xml:39:13-57
259            <intent-filter>
259-->[androidx.profileinstaller:profileinstaller:1.3.0] AndroidManifest.xml:40:13-42:29
260                <action android:name="androidx.profileinstaller.action.INSTALL_PROFILE" />
260-->[androidx.profileinstaller:profileinstaller:1.3.0] AndroidManifest.xml:41:17-91
260-->[androidx.profileinstaller:profileinstaller:1.3.0] AndroidManifest.xml:41:25-88
261            </intent-filter>
262            <intent-filter>
262-->[androidx.profileinstaller:profileinstaller:1.3.0] AndroidManifest.xml:43:13-45:29
263                <action android:name="androidx.profileinstaller.action.SKIP_FILE" />
263-->[androidx.profileinstaller:profileinstaller:1.3.0] AndroidManifest.xml:44:17-85
263-->[androidx.profileinstaller:profileinstaller:1.3.0] AndroidManifest.xml:44:25-82
264            </intent-filter>
265            <intent-filter>
265-->[androidx.profileinstaller:profileinstaller:1.3.0] AndroidManifest.xml:46:13-48:29
266                <action android:name="androidx.profileinstaller.action.SAVE_PROFILE" />
266-->[androidx.profileinstaller:profileinstaller:1.3.0] AndroidManifest.xml:47:17-88
266-->[androidx.profileinstaller:profileinstaller:1.3.0] AndroidManifest.xml:47:25-85
267            </intent-filter>
268            <intent-filter>
268-->[androidx.profileinstaller:profileinstaller:1.3.0] AndroidManifest.xml:49:13-51:29
269                <action android:name="androidx.profileinstaller.action.BENCHMARK_OPERATION" />
269-->[androidx.profileinstaller:profileinstaller:1.3.0] AndroidManifest.xml:50:17-95
269-->[androidx.profileinstaller:profileinstaller:1.3.0] AndroidManifest.xml:50:25-92
270            </intent-filter>
271        </receiver>
272    </application>
273
274</manifest>